# JRE version: OpenJDK Runtime Environment AdoptOpenJDK-11.0.11+9 (11.0.11+9) (build 11.0.11+9)
# Java VM: OpenJDK 64-Bit Server VM AdoptOpenJDK-11.0.11+9 (11.0.11+9, mixed mode, tiered, compressed oops, parallel gc, windows-amd64)
Heap:
 PSYoungGen      total 22016K, used 71K [0x00000000eab00000, 0x00000000ec300000, 0x0000000100000000)
  eden space 21504K, 0% used [0x00000000eab00000,0x00000000eab11ed0,0x00000000ec000000)
  from space 512K, 0% used [0x00000000ec000000,0x00000000ec000000,0x00000000ec080000)
  to   space 1536K, 0% used [0x00000000ec180000,0x00000000ec180000,0x00000000ec300000)
 ParOldGen       total 68608K, used 25860K [0x00000000c0000000, 0x00000000c4300000, 0x00000000eab00000)
  object space 68608K, 37% used [0x00000000c0000000,0x00000000c19411c0,0x00000000c4300000)
 Metaspace       used 33312K, capacity 35237K, committed 35416K, reserved 1081344K
  class space    used 3156K, capacity 3876K, committed 3968K, reserved 1048576K
GC Heap History (20 events):
Event: 4.331 GC heap before
{Heap before GC invocations=8 (full 1):
 PSYoungGen      total 27648K, used 27638K [0x00000000eab00000, 0x00000000ecc00000, 0x0000000100000000)
  eden space 24064K, 100% used [0x00000000eab00000,0x00000000ec280000,0x00000000ec280000)
  from space 3584K, 99% used [0x00000000ec700000,0x00000000eca7da78,0x00000000eca80000)
  to   space 4608K, 0% used [0x00000000ec280000,0x00000000ec280000,0x00000000ec700000)
 ParOldGen       total 68608K, used 6478K [0x00000000c0000000, 0x00000000c4300000, 0x00000000eab00000)
  object space 68608K, 9% used [0x00000000c0000000,0x00000000c0653918,0x00000000c4300000)
 Metaspace       used 30278K, capacity 32092K, committed 32384K, reserved 1077248K
  class space    used 2909K, capacity 3599K, committed 3712K, reserved 1048576K
}
Event: 4.335 GC heap after
{Heap after GC invocations=8 (full 1):
 PSYoungGen      total 28160K, used 4582K [0x00000000eab00000, 0x00000000ecc00000, 0x0000000100000000)
  eden space 23552K, 0% used [0x00000000eab00000,0x00000000eab00000,0x00000000ec200000)
  from space 4608K, 99% used [0x00000000ec280000,0x00000000ec6f99b0,0x00000000ec700000)
  to   space 5120K, 0% used [0x00000000ec700000,0x00000000ec700000,0x00000000ecc00000)
 ParOldGen       total 68608K, used 6502K [0x00000000c0000000, 0x00000000c4300000, 0x00000000eab00000)
  object space 68608K, 9% used [0x00000000c0000000,0x00000000c0659918,0x00000000c4300000)
 Metaspace       used 30278K, capacity 32092K, committed 32384K, reserved 1077248K
  class space    used 2909K, capacity 3599K, committed 3712K, reserved 1048576K
}
Event: 4.563 GC heap before
{Heap before GC invocations=9 (full 1):
 PSYoungGen      total 28160K, used 28134K [0x00000000eab00000, 0x00000000ecc00000, 0x0000000100000000)
  eden space 23552K, 100% used [0x00000000eab00000,0x00000000ec200000,0x00000000ec200000)
  from space 4608K, 99% used [0x00000000ec280000,0x00000000ec6f99b0,0x00000000ec700000)
  to   space 5120K, 0% used [0x00000000ec700000,0x00000000ec700000,0x00000000ecc00000)
 ParOldGen       total 68608K, used 6502K [0x00000000c0000000, 0x00000000c4300000, 0x00000000eab00000)
  object space 68608K, 9% used [0x00000000c0000000,0x00000000c0659918,0x00000000c4300000)
 Metaspace       used 31009K, capacity 32936K, committed 33152K, reserved 1079296K
  class space    used 2987K, capacity 3707K, committed 3712K, reserved 1048576K
}
Event: 4.581 GC heap after
{Heap after GC invocations=9 (full 1):
 PSYoungGen      total 26624K, used 5113K [0x00000000eab00000, 0x00000000ecf80000, 0x0000000100000000)
  eden space 21504K, 0% used [0x00000000eab00000,0x00000000eab00000,0x00000000ec000000)
  from space 5120K, 99% used [0x00000000ec700000,0x00000000ecbfe4b8,0x00000000ecc00000)
  to   space 7168K, 0% used [0x00000000ec000000,0x00000000ec000000,0x00000000ec700000)
 ParOldGen       total 68608K, used 7981K [0x00000000c0000000, 0x00000000c4300000, 0x00000000eab00000)
  object space 68608K, 11% used [0x00000000c0000000,0x00000000c07cb538,0x00000000c4300000)
 Metaspace       used 31009K, capacity 32936K, committed 33152K, reserved 1079296K
  class space    used 2987K, capacity 3707K, committed 3712K, reserved 1048576K
}
Event: 4.678 GC heap before
{Heap before GC invocations=10 (full 1):
 PSYoungGen      total 26624K, used 26617K [0x00000000eab00000, 0x00000000ecf80000, 0x0000000100000000)
  eden space 21504K, 100% used [0x00000000eab00000,0x00000000ec000000,0x00000000ec000000)
  from space 5120K, 99% used [0x00000000ec700000,0x00000000ecbfe4b8,0x00000000ecc00000)
  to   space 7168K, 0% used [0x00000000ec000000,0x00000000ec000000,0x00000000ec700000)
 ParOldGen       total 68608K, used 7981K [0x00000000c0000000, 0x00000000c4300000, 0x00000000eab00000)
  object space 68608K, 11% used [0x00000000c0000000,0x00000000c07cb538,0x00000000c4300000)
 Metaspace       used 31099K, capacity 33001K, committed 33152K, reserved 1079296K
  class space    used 2991K, capacity 3707K, committed 3712K, reserved 1048576K
}
Event: 4.690 GC heap after
{Heap after GC invocations=10 (full 1):
 PSYoungGen      total 25600K, used 3979K [0x00000000eab00000, 0x00000000eca00000, 0x0000000100000000)
  eden space 21504K, 0% used [0x00000000eab00000,0x00000000eab00000,0x00000000ec000000)
  from space 4096K, 97% used [0x00000000ec000000,0x00000000ec3e2d40,0x00000000ec400000)
  to   space 5120K, 0% used [0x00000000ec500000,0x00000000ec500000,0x00000000eca00000)
 ParOldGen       total 68608K, used 11056K [0x00000000c0000000, 0x00000000c4300000, 0x00000000eab00000)
  object space 68608K, 16% used [0x00000000c0000000,0x00000000c0acc228,0x00000000c4300000)
 Metaspace       used 31099K, capacity 33001K, committed 33152K, reserved 1079296K
  class space    used 2991K, capacity 3707K, committed 3712K, reserved 1048576K
}
Event: 4.792 GC heap before
{Heap before GC invocations=11 (full 1):
 PSYoungGen      total 25600K, used 25483K [0x00000000eab00000, 0x00000000eca00000, 0x0000000100000000)
  eden space 21504K, 100% used [0x00000000eab00000,0x00000000ec000000,0x00000000ec000000)
  from space 4096K, 97% used [0x00000000ec000000,0x00000000ec3e2d40,0x00000000ec400000)
  to   space 5120K, 0% used [0x00000000ec500000,0x00000000ec500000,0x00000000eca00000)
 ParOldGen       total 68608K, used 11056K [0x00000000c0000000, 0x00000000c4300000, 0x00000000eab00000)
  object space 68608K, 16% used [0x00000000c0000000,0x00000000c0acc228,0x00000000c4300000)
 Metaspace       used 31188K, capacity 33065K, committed 33152K, reserved 1079296K
  class space    used 2995K, capacity 3707K, committed 3712K, reserved 1048576K
}
Event: 4.800 GC heap after
{Heap after GC invocations=11 (full 1):
 PSYoungGen      total 25600K, used 3968K [0x00000000eab00000, 0x00000000ec900000, 0x0000000100000000)
  eden space 21504K, 0% used [0x00000000eab00000,0x00000000eab00000,0x00000000ec000000)
  from space 4096K, 96% used [0x00000000ec500000,0x00000000ec8e0010,0x00000000ec900000)
  to   space 4608K, 0% used [0x00000000ec000000,0x00000000ec000000,0x00000000ec480000)
 ParOldGen       total 68608K, used 13061K [0x00000000c0000000, 0x00000000c4300000, 0x00000000eab00000)
  object space 68608K, 19% used [0x00000000c0000000,0x00000000c0cc14c8,0x00000000c4300000)
 Metaspace       used 31188K, capacity 33065K, committed 33152K, reserved 1079296K
  class space    used 2995K, capacity 3707K, committed 3712K, reserved 1048576K
}
Event: 4.890 GC heap before
{Heap before GC invocations=12 (full 1):
 PSYoungGen      total 25600K, used 25472K [0x00000000eab00000, 0x00000000ec900000, 0x0000000100000000)
  eden space 21504K, 100% used [0x00000000eab00000,0x00000000ec000000,0x00000000ec000000)
  from space 4096K, 96% used [0x00000000ec500000,0x00000000ec8e0010,0x00000000ec900000)
  to   space 4608K, 0% used [0x00000000ec000000,0x00000000ec000000,0x00000000ec480000)
 ParOldGen       total 68608K, used 13061K [0x00000000c0000000, 0x00000000c4300000, 0x00000000eab00000)
  object space 68608K, 19% used [0x00000000c0000000,0x00000000c0cc14c8,0x00000000c4300000)
 Metaspace       used 31273K, capacity 33129K, committed 33152K, reserved 1079296K
  class space    used 3004K, capacity 3707K, committed 3712K, reserved 1048576K
}
Event: 4.898 GC heap after
{Heap after GC invocations=12 (full 1):
 PSYoungGen      total 24064K, used 2496K [0x00000000eab00000, 0x00000000ec600000, 0x0000000100000000)
  eden space 21504K, 0% used [0x00000000eab00000,0x00000000eab00000,0x00000000ec000000)
  from space 2560K, 97% used [0x00000000ec000000,0x00000000ec270010,0x00000000ec280000)
  to   space 3072K, 0% used [0x00000000ec300000,0x00000000ec300000,0x00000000ec600000)
 ParOldGen       total 68608K, used 16988K [0x00000000c0000000, 0x00000000c4300000, 0x00000000eab00000)
  object space 68608K, 24% used [0x00000000c0000000,0x00000000c1097038,0x00000000c4300000)
 Metaspace       used 31273K, capacity 33129K, committed 33152K, reserved 1079296K
  class space    used 3004K, capacity 3707K, committed 3712K, reserved 1048576K
}
Event: 4.944 GC heap before
{Heap before GC invocations=13 (full 1):
 PSYoungGen      total 24064K, used 24000K [0x00000000eab00000, 0x00000000ec600000, 0x0000000100000000)
  eden space 21504K, 100% used [0x00000000eab00000,0x00000000ec000000,0x00000000ec000000)
  from space 2560K, 97% used [0x00000000ec000000,0x00000000ec270010,0x00000000ec280000)
  to   space 3072K, 0% used [0x00000000ec300000,0x00000000ec300000,0x00000000ec600000)
 ParOldGen       total 68608K, used 16988K [0x00000000c0000000, 0x00000000c4300000, 0x00000000eab00000)
  object space 68608K, 24% used [0x00000000c0000000,0x00000000c1097038,0x00000000c4300000)
 Metaspace       used 31273K, capacity 33129K, committed 33152K, reserved 1079296K
  class space    used 3004K, capacity 3707K, committed 3712K, reserved 1048576K
}
Event: 4.959 GC heap after
{Heap after GC invocations=13 (full 1):
 PSYoungGen      total 24576K, used 2560K [0x00000000eab00000, 0x00000000ec600000, 0x0000000100000000)
  eden space 21504K, 0% used [0x00000000eab00000,0x00000000eab00000,0x00000000ec000000)
  from space 3072K, 83% used [0x00000000ec300000,0x00000000ec580010,0x00000000ec600000)
  to   space 3072K, 0% used [0x00000000ec000000,0x00000000ec000000,0x00000000ec300000)
 ParOldGen       total 68608K, used 19455K [0x00000000c0000000, 0x00000000c4300000, 0x00000000eab00000)
  object space 68608K, 28% used [0x00000000c0000000,0x00000000c12ffe10,0x00000000c4300000)
 Metaspace       used 31273K, capacity 33129K, committed 33152K, reserved 1079296K
  class space    used 3004K, capacity 3707K, committed 3712K, reserved 1048576K
}
Event: 4.999 GC heap before
{Heap before GC invocations=14 (full 1):
 PSYoungGen      total 24576K, used 24064K [0x00000000eab00000, 0x00000000ec600000, 0x0000000100000000)
  eden space 21504K, 100% used [0x00000000eab00000,0x00000000ec000000,0x00000000ec000000)
  from space 3072K, 83% used [0x00000000ec300000,0x00000000ec580010,0x00000000ec600000)
  to   space 3072K, 0% used [0x00000000ec000000,0x00000000ec000000,0x00000000ec300000)
 ParOldGen       total 68608K, used 19455K [0x00000000c0000000, 0x00000000c4300000, 0x00000000eab00000)
  object space 68608K, 28% used [0x00000000c0000000,0x00000000c12ffe10,0x00000000c4300000)
 Metaspace       used 31273K, capacity 33129K, committed 33152K, reserved 1079296K
  class space    used 3004K, capacity 3707K, committed 3712K, reserved 1048576K
}
Event: 5.009 GC heap after
{Heap after GC invocations=14 (full 1):
 PSYoungGen      total 24064K, used 2080K [0x00000000eab00000, 0x00000000ec500000, 0x0000000100000000)
  eden space 21504K, 0% used [0x00000000eab00000,0x00000000eab00000,0x00000000ec000000)
  from space 2560K, 81% used [0x00000000ec000000,0x00000000ec208000,0x00000000ec280000)
  to   space 2560K, 0% used [0x00000000ec280000,0x00000000ec280000,0x00000000ec500000)
 ParOldGen       total 68608K, used 21941K [0x00000000c0000000, 0x00000000c4300000, 0x00000000eab00000)
  object space 68608K, 31% used [0x00000000c0000000,0x00000000c156d6a0,0x00000000c4300000)
 Metaspace       used 31273K, capacity 33129K, committed 33152K, reserved 1079296K
  class space    used 3004K, capacity 3707K, committed 3712K, reserved 1048576K
}
Event: 5.324 GC heap before
{Heap before GC invocations=15 (full 1):
 PSYoungGen      total 24064K, used 23573K [0x00000000eab00000, 0x00000000ec500000, 0x0000000100000000)
  eden space 21504K, 99% used [0x00000000eab00000,0x00000000ebffd6d0,0x00000000ec000000)
  from space 2560K, 81% used [0x00000000ec000000,0x00000000ec208000,0x00000000ec280000)
  to   space 2560K, 0% used [0x00000000ec280000,0x00000000ec280000,0x00000000ec500000)
 ParOldGen       total 68608K, used 21941K [0x00000000c0000000, 0x00000000c4300000, 0x00000000eab00000)
  object space 68608K, 31% used [0x00000000c0000000,0x00000000c156d6a0,0x00000000c4300000)
 Metaspace       used 32192K, capacity 34181K, committed 34304K, reserved 1079296K
  class space    used 3054K, capacity 3780K, committed 3840K, reserved 1048576K
}
Event: 5.329 GC heap after
{Heap after GC invocations=15 (full 1):
 PSYoungGen      total 24064K, used 2385K [0x00000000eab00000, 0x00000000ec500000, 0x0000000100000000)
  eden space 21504K, 0% used [0x00000000eab00000,0x00000000eab00000,0x00000000ec000000)
  from space 2560K, 93% used [0x00000000ec280000,0x00000000ec4d4708,0x00000000ec500000)
  to   space 2560K, 0% used [0x00000000ec000000,0x00000000ec000000,0x00000000ec280000)
 ParOldGen       total 68608K, used 23989K [0x00000000c0000000, 0x00000000c4300000, 0x00000000eab00000)
  object space 68608K, 34% used [0x00000000c0000000,0x00000000c176d6a0,0x00000000c4300000)
 Metaspace       used 32192K, capacity 34181K, committed 34304K, reserved 1079296K
  class space    used 3054K, capacity 3780K, committed 3840K, reserved 1048576K
}
Event: 5.488 GC heap before
{Heap before GC invocations=16 (full 1):
 PSYoungGen      total 24064K, used 12554K [0x00000000eab00000, 0x00000000ec500000, 0x0000000100000000)
  eden space 21504K, 47% used [0x00000000eab00000,0x00000000eb4ee238,0x00000000ec000000)
  from space 2560K, 93% used [0x00000000ec280000,0x00000000ec4d4708,0x00000000ec500000)
  to   space 2560K, 0% used [0x00000000ec000000,0x00000000ec000000,0x00000000ec280000)
 ParOldGen       total 68608K, used 23989K [0x00000000c0000000, 0x00000000c4300000, 0x00000000eab00000)
  object space 68608K, 34% used [0x00000000c0000000,0x00000000c176d6a0,0x00000000c4300000)
 Metaspace       used 33312K, capacity 35237K, committed 35416K, reserved 1081344K
  class space    used 3156K, capacity 3876K, committed 3968K, reserved 1048576K
}
Event: 5.495 GC heap after
{Heap after GC invocations=16 (full 1):
 PSYoungGen      total 22016K, used 321K [0x00000000eab00000, 0x00000000ec300000, 0x0000000100000000)
  eden space 21504K, 0% used [0x00000000eab00000,0x00000000eab00000,0x00000000ec000000)
  from space 512K, 62% used [0x00000000ec000000,0x00000000ec050690,0x00000000ec080000)
  to   space 1536K, 0% used [0x00000000ec180000,0x00000000ec180000,0x00000000ec300000)
 ParOldGen       total 68608K, used 26219K [0x00000000c0000000, 0x00000000c4300000, 0x00000000eab00000)
  object space 68608K, 38% used [0x00000000c0000000,0x00000000c199aec8,0x00000000c4300000)
 Metaspace       used 33312K, capacity 35237K, committed 35416K, reserved 1081344K
  class space    used 3156K, capacity 3876K, committed 3968K, reserved 1048576K
}
Event: 5.495 GC heap before
{Heap before GC invocations=17 (full 2):
 PSYoungGen      total 22016K, used 321K [0x00000000eab00000, 0x00000000ec300000, 0x0000000100000000)
  eden space 21504K, 0% used [0x00000000eab00000,0x00000000eab00000,0x00000000ec000000)
  from space 512K, 62% used [0x00000000ec000000,0x00000000ec050690,0x00000000ec080000)
  to   space 1536K, 0% used [0x00000000ec180000,0x00000000ec180000,0x00000000ec300000)
 ParOldGen       total 68608K, used 26219K [0x00000000c0000000, 0x00000000c4300000, 0x00000000eab00000)
  object space 68608K, 38% used [0x00000000c0000000,0x00000000c199aec8,0x00000000c4300000)
 Metaspace       used 33312K, capacity 35237K, committed 35416K, reserved 1081344K
  class space    used 3156K, capacity 3876K, committed 3968K, reserved 1048576K
}
Event: 5.812 GC heap after
{Heap after GC invocations=17 (full 2):
 PSYoungGen      total 22016K, used 0K [0x00000000eab00000, 0x00000000ec300000, 0x0000000100000000)
  eden space 21504K, 0% used [0x00000000eab00000,0x00000000eab00000,0x00000000ec000000)
  from space 512K, 0% used [0x00000000ec000000,0x00000000ec000000,0x00000000ec080000)
  to   space 1536K, 0% used [0x00000000ec180000,0x00000000ec180000,0x00000000ec300000)
 ParOldGen       total 68608K, used 25860K [0x00000000c0000000, 0x00000000c4300000, 0x00000000eab00000)
  object space 68608K, 37% used [0x00000000c0000000,0x00000000c19411c0,0x00000000c4300000)
 Metaspace       used 33312K, capacity 35237K, committed 35416K, reserved 1081344K
  class space    used 3156K, capacity 3876K, committed 3968K, reserved 1048576K
}

